1.)  x11 x12 x13   {}
2.)  x21 x22 x23   {}
3.)  x31 x32 x33   {}
4.)  x14 x24 x34 x44 x54 x64   {}
5.)  ~x14 x24 x34 x44 x54 x64   {}
6.)  x14 ~x24 x34 x44 x54 x64   {}
7.)  x14 x24 ~x34 x44 x54 x64   {}
8.)  x14 x24 x34 ~x44 x54 x64   {}
9.)  x14 x24 x34 x44 ~x54 x64   {}
10.)  x14 x24 x34 x44 x54 ~x64   {}
11.)  x44   {}
12.)  x55   {}
13.)  x66   {}
14.)  ~x11 ~x12   {}
15.)  ~x12 ~x13   {}
16.)  ~x11 ~x13   {}
17.)  ~x21 ~x22   {}
18.)  ~x22 ~x23   {}
19.)  ~x21 ~x23   {}
20.)  ~x31 ~x32   {}
21.)  ~x31 ~x33   {}
22.)  ~x32 ~x33   {}
23.)  ~x11 ~x21   {}
24.)  ~x11 ~x31   {}
25.)  ~x21 ~x31   {}
26.)  ~x12 ~x22   {}
27.)  ~x12 ~x32   {}
28.)  ~x22 ~x32   {}
29.)  ~x13 ~x23   {}
30.)  ~x13 ~x33   {}
31.)  ~x23 ~x33   {}
32.)  ~x11 ~x22 ~x33 ~x44 ~x55 ~x66   {}
33.)  ~x11 ~x22 ~x33 ~x44 ~x55   {32,13}
34.)  ~x11 ~x22 ~x33 ~x44   {33,12}
35.)  ~x11 ~x22 ~x33   {34,11}
36.)  ~x11 ~x22 x31 x32   {35,3}
37.)  ~x11 ~x22   {36,20}
38.)  ~x11 x21 x23   {37,2}
39.)  ~x23 x31 x32   {31,3}
40.)  ~x23 x32 ~x32   {39,20}
41.)  ~x23   {39,20}
42.)  x21 x22   {41,2}
43.)  x22 ~x22   {42,17}
44.)  false {42,17}
